start 1323294987844 0 1
start 1323294987844 8 1
start 1323294987844 12 2
start 1323294987844 18 2
start 1323294987844 3 3
start 1323294987844 21 2
start 1323294987845 28 3
start 1323294987845 37 2
start 1323294987845 43 2
start 1323294987845 45 3
end 1323294987845 45 3
start 1323294987845 46 1
end 1323294987845 3 3
start 1323294987845 4 3
start 1323294987846 50 2
start 1323294987846 52 1
start 1323294987846 59 1
start 1323294987846 66 1
start 1323294987846 69 1
start 1323294987847 71 2
start 1323294987847 72 2
start 1323294987847 78 1
start 1323294987847 82 1
start 1323294987847 86 2
start 1323294987848 91 1
start 1323294987848 92 1
start 1323294987848 97 3
end 1323294987848 97 3
start 1323294987848 98 3
start 1323294987848 101 3
start 1323294987848 106 1
start 1323294987849 107 2
start 1323294987849 115 3
start 1323294987849 118 3
start 1323294987849 122 3
start 1323294987849 126 1
start 1323294987850 132 3
start 1323294987850 137 2
start 1323294987850 143 2
start 1323294987850 148 1
start 1323294987850 155 3
start 1323294987851 158 2
start 1323294987861 163 1
start 1323294987862 168 3
start 1323294987862 174 2
start 1323294987863 179 2
start 1323294987863 184 2
start 1323294987863 186 2
start 1323294987864 191 3
start 1323294987864 192 3
start 1323294987864 197 3
start 1323294987865 200 2
start 1323294987865 204 3
start 1323294987865 209 2
start 1323294987865 215 2
start 1323294987866 220 3
start 1323294987866 225 2
start 1323294987866 231 3
start 1323294987867 236 1
start 1323294987867 242 3
start 1323294987867 248 2
start 1323294987867 249 2
start 1323294987868 254 3
start 1323294987868 257 3
start 1323294987868 263 3
start 1323294987869 265 2
start 1323294987869 268 1
start 1323294987869 276 1
start 1323294987869 286 3
start 1323294987870 290 1
start 1323294987870 297 1
start 1323294987870 306 1
start 1323294987870 310 3
start 1323294987871 317 2
start 1323294987871 322 3
start 1323294987871 326 2
start 1323294987872 331 1
start 1323294987872 336 3
start 1323294987872 339 1
start 1323294987873 344 2
start 1323294987873 347 3
start 1323294987874 350 2
start 1323294987874 357 2
start 1323294987874 364 1
start 1323294987874 368 3
start 1323294987875 373 2
start 1323294987875 378 3
start 1323294987875 382 2
start 1323294987876 386 1
start 1323294987876 390 1
start 1323294987877 393 3
start 1323294987877 399 1
start 1323294987877 403 3
start 1323294987877 409 2
start 1323294987878 414 1
start 1323294987878 416 1
start 1323294987878 421 2
start 1323294987879 424 3
start 1323294987879 428 3
start 1323294987879 435 1
start 1323294987880 436 3
end 1323294987919 37 2
start 1323294987919 38 2
end 1323294987925 421 2
start 1323294987925 422 2
end 1323294987936 350 2
start 1323294987936 351 2
end 1323294987936 191 3
end 1323294987947 257 3
start 1323294987947 258 3
end 1323294987957 386 1
start 1323294987957 387 1
end 1323294987957 92 1
start 1323294987957 93 1
end 1323294988168 115 3
start 1323294988168 116 3
end 1323294988168 424 3
start 1323294988168 425 3
end 1323294988169 132 3
start 1323294988169 133 3
end 1323294988314 143 2
start 1323294988314 144 2
end 1323294988314 82 1
start 1323294988314 83 1
end 1323294988927 265 2
start 1323294988927 266 2
end 1323294989043 4 3
start 1323294989043 5 3
end 1323294989051 310 3
start 1323294989051 311 3
end 1323294989051 357 2
start 1323294989051 358 2
end 1323294989234 98 3
start 1323294989234 99 3
end 1323294989641 373 2
start 1323294989641 374 2
end 1323294990025 38 2
start 1323294990025 39 2
end 1323294990529 336 3
start 1323294990529 337 3
end 1323294990694 286 3
start 1323294990694 287 3
end 1323294990942 72 2
start 1323294990942 73 2
end 1323294990994 148 1
start 1323294990994 149 1
end 1323294991075 0 1
start 1323294991075 1 1
end 1323294991190 254 3
start 1323294991190 255 3
end 1323294991389 155 3
start 1323294991390 156 3
end 1323294991724 200 2
start 1323294991724 201 2
end 1323294992500 358 2
start 1323294992500 359 2
end 1323294992613 331 1
start 1323294992613 332 1
end 1323294992774 347 3
start 1323294992774 348 3
end 1323294993033 311 3
start 1323294993033 312 3
end 1323294993219 399 1
start 1323294993219 400 1
end 1323294993738 192 3
start 1323294993738 193 3
end 1323294993958 28 3
start 1323294993958 29 3
end 1323294994148 86 2
start 1323294994148 87 2
end 1323294994191 133 3
start 1323294994191 134 3
end 1323294994233 422 2
start 1323294994233 423 2
end 1323294994233 248 2
end 1323294994303 215 2
start 1323294994303 216 2
end 1323294994461 197 3
start 1323294994461 198 3
end 1323294994461 225 2
start 1323294994462 226 2
end 1323294994637 337 3
start 1323294994637 338 3
end 1323294994928 322 3
start 1323294994928 323 3
end 1323294995014 378 3
start 1323294995014 379 3
end 1323294995203 317 2
start 1323294995203 318 2
end 1323294995203 318 2
start 1323294995203 319 2
end 1323294995225 231 3
start 1323294995225 232 3
end 1323294995308 106 1
start 1323294995533 298 1
end 1323294995593 351 2
start 1323294995593 352 2
end 1323294996207 344 2
start 1323294996207 345 2
end 1323294996207 242 3
start 1323294996207 243 3
end 1323294996207 345 2
start 1323294996207 346 2
end 1323294996261 216 2
start 1323294996261 217 2
end 1323294996327 249 2
start 1323294996327 250 2
start 1323294996338 307 1
end 1323294996449 346 2
end 1323294996779 436 3
start 1323294996780 437 3
end 1323294996897 255 3
start 1323294996897 256 3
end 1323294996907 43 2
start 1323294996907 44 2
end 1323294996908 198 3
start 1323294996908 199 3
end 1323294997175 403 3
start 1323294997175 404 3
start 1323294997423 417 1
start 1323294997578 291 1
end 1323294997594 428 3
start 1323294997594 429 3
end 1323294997996 298 1
start 1323294997996 299 1
start 1323294998246 2 1
end 1323294998285 144 2
start 1323294998285 145 2
end 1323294998286 204 3
start 1323294998286 205 3
start 1323294998286 333 1
end 1323294998354 348 3
start 1323294998354 349 3
end 1323294998506 158 2
start 1323294998506 159 2
end 1323294998536 226 2
start 1323294998536 227 2
end 1323294998561 437 3
end 1323294998584 159 2
start 1323294998584 160 2
end 1323294998671 236 1
start 1323294998671 237 1
end 1323294998671 379 3
start 1323294998671 380 3
end 1323294998671 263 3
start 1323294998671 264 3
end 1323294998671 393 3
start 1323294998671 394 3
end 1323294998858 307 1
start 1323294998858 308 1
end 1323294999300 380 3
start 1323294999300 381 3
end 1323294999408 46 1
start 1323294999408 47 1
end 1323294999616 250 2
start 1323294999616 251 2
end 1323294999626 91 1
end 1323294999711 78 1
start 1323294999711 79 1
end 1323294999997 201 2
start 1323294999997 202 2
end 1323295000049 429 3
start 1323295000049 430 3
end 1323295000475 101 3
start 1323295000475 102 3
end 1323295000631 237 1
start 1323295000631 238 1
end 1323295000726 50 2
start 1323295000726 51 2
end 1323295000792 8 1
start 1323295000792 9 1
end 1323295000857 134 3
start 1323295000857 135 3
end 1323295000858 39 2
start 1323295000858 40 2
end 1323295000982 319 2
start 1323295000982 320 2
end 1323295001340 137 2
start 1323295001340 138 2
end 1323295001340 138 2
start 1323295001340 139 2
end 1323295001510 93 1
start 1323295001510 94 1
end 1323295001663 52 1
start 1323295001663 53 1
end 1323295001720 73 2
start 1323295001720 74 2
end 1323295001774 168 3
start 1323295001774 169 3
start 1323295001840 269 1
end 1323295002032 430 3
start 1323295002032 431 3
end 1323295002142 352 2
start 1323295002143 353 2
end 1323295002460 243 3
start 1323295002460 244 3
end 1323295002566 116 3
start 1323295002566 117 3
end 1323295002600 266 2
start 1323295002600 267 2
end 1323295002643 404 3
start 1323295002643 405 3
end 1323295002643 156 3
start 1323295002643 157 3
end 1323295003030 364 1
start 1323295003030 365 1
end 1323295003033 118 3
start 1323295003033 119 3
start 1323295003141 401 1
end 1323295003282 264 3
start 1323295003358 95 1
end 1323295003363 276 1
start 1323295003363 277 1
end 1323295003407 160 2
start 1323295003407 161 2
end 1323295003454 87 2
start 1323295003454 88 2
end 1323295003454 353 2
start 1323295003454 354 2
end 1323295003515 368 3
start 1323295003515 369 3
end 1323295003679 29 3
start 1323295003679 30 3
end 1323295003758 88 2
start 1323295003758 89 2
start 1323295003823 60 1
start 1323295003855 80 1
end 1323295004270 30 3
start 1323295004270 31 3
end 1323295004477 381 3
end 1323295004489 69 1
start 1323295004489 70 1
end 1323295004582 122 3
start 1323295004582 123 3
end 1323295004590 287 3
start 1323295004590 288 3
end 1323295004663 365 1
start 1323295004663 366 1
start 1323295004690 67 1
end 1323295004703 217 2
start 1323295004703 218 2
end 1323295004856 186 2
start 1323295004856 187 2
end 1323295004941 333 1
start 1323295004941 334 1
end 1323295004941 232 3
start 1323295004941 233 3
end 1323295005120 291 1
start 1323295005120 292 1
end 1323295005244 374 2
start 1323295005244 375 2
end 1323295005298 12 2
start 1323295005298 13 2
end 1323295005298 238 1
start 1323295005298 239 1
end 1323295005421 126 1
start 1323295005421 127 1
end 1323295005421 205 3
start 1323295005421 206 3
end 1323295005472 163 1
start 1323295005472 164 1
start 1323295005517 61 1
end 1323295006019 74 2
start 1323295006019 75 2
end 1323295006072 220 3
start 1323295006072 221 3
end 1323295006096 218 2
start 1323295006096 219 2
end 1323295006096 169 3
start 1323295006096 170 3
end 1323295006162 71 2
end 1323295006162 119 3
start 1323295006162 120 3
end 1323295006162 382 2
start 1323295006162 383 2
end 1323295006244 326 2
start 1323295006244 327 2
end 1323295006543 44 2
end 1323295006543 423 2
start 1323295006577 81 1
end 1323295006577 81 1
start 1323295006596 62 1
end 1323295006627 209 2
start 1323295006627 210 2
end 1323295006674 53 1
start 1323295006674 54 1
end 1323295006737 193 3
start 1323295006737 194 3
end 1323295006821 320 2
start 1323295006821 321 2
end 1323295006989 206 3
start 1323295006989 207 3
end 1323295006990 405 3
start 1323295006990 406 3
end 1323295007013 21 2
start 1323295007013 22 2
end 1323295007106 258 3
start 1323295007106 259 3
end 1323295007120 435 1
end 1323295007351 406 3
start 1323295007351 407 3
end 1323295007576 179 2
start 1323295007576 180 2
end 1323295007576 174 2
start 1323295007576 175 2
start 1323295007579 48 1
end 1323295007724 227 2
start 1323295007724 228 2
end 1323295007724 170 3
start 1323295007725 171 3
end 1323295008387 139 2
start 1323295008387 140 2
end 1323295008510 207 3
start 1323295008510 208 3
start 1323295008656 49 1
end 1323295008829 312 3
start 1323295008829 313 3
end 1323295008855 425 3
start 1323295008855 426 3
end 1323295009124 187 2
start 1323295009124 188 2
end 1323295009230 117 3
end 1323295009237 277 1
start 1323295009237 278 1
end 1323295009429 308 1
start 1323295009429 309 1
end 1323295009452 49 1
end 1323295009733 409 2
start 1323295009733 410 2
end 1323295009733 401 1
start 1323295009733 402 1
end 1323295009861 228 2
start 1323295009861 229 2
end 1323295009864 199 3
end 1323295010024 18 2
start 1323295010024 19 2
start 1323295010043 388 1
end 1323295010137 99 3
start 1323295010137 100 3
end 1323295010276 251 2
start 1323295010276 252 2
end 1323295010276 338 3
end 1323295010856 89 2
start 1323295010856 90 2
end 1323295010985 180 2
start 1323295010985 181 2
end 1323295011003 267 2
end 1323295011004 75 2
start 1323295011004 76 2
end 1323295011141 51 2
end 1323295011232 40 2
start 1323295011232 41 2
end 1323295011379 123 3
start 1323295011379 124 3
end 1323295011379 5 3
start 1323295011379 6 3
end 1323295011399 208 3
end 1323295011454 233 3
start 1323295011454 234 3
end 1323295011556 9 1
start 1323295011556 10 1
start 1323295011577 300 1
end 1323295011656 359 2
start 1323295011656 360 2
start 1323295011791 240 1
end 1323295011816 256 3
start 1323295011965 367 1
end 1323295011973 90 2
end 1323295012145 107 2
start 1323295012145 108 2
end 1323295012264 431 3
start 1323295012264 432 3
end 1323295012347 76 2
start 1323295012347 77 2
end 1323295012485 31 3
start 1323295012485 32 3
end 1323295012764 19 2
start 1323295012764 20 2
end 1323295012764 20 2
start 1323295013223 150 1
end 1323295013305 171 3
start 1323295013305 172 3
end 1323295013315 32 3
start 1323295013315 33 3
start 1323295013751 241 1
end 1323295013777 252 2
start 1323295013777 253 2
end 1323295013778 369 3
start 1323295013778 370 3
end 1323295013814 41 2
start 1323295013814 42 2
end 1323295013827 253 2
end 1323295014005 135 3
start 1323295014005 136 3
start 1323295014083 151 1
end 1323295014087 120 3
start 1323295014087 121 3
end 1323295014157 269 1
start 1323295014157 270 1
end 1323295014602 432 3
start 1323295014602 433 3
end 1323295014712 67 1
start 1323295014712 68 1
end 1323295014743 244 3
start 1323295014743 245 3
end 1323295014825 313 3
start 1323295014825 314 3
end 1323295015058 13 2
start 1323295015058 14 2
end 1323295015146 210 2
start 1323295015146 211 2
end 1323295015450 157 3
end 1323295015461 172 3
start 1323295015461 173 3
end 1323295015738 375 2
start 1323295015738 376 2
end 1323295016111 433 3
start 1323295016111 434 3
end 1323295016228 161 2
start 1323295016228 162 2
end 1323295016306 95 1
start 1323295016306 96 1
start 1323295016473 279 1
end 1323295016575 22 2
start 1323295016575 23 2
end 1323295016686 370 3
start 1323295016686 371 3
end 1323295016686 371 3
start 1323295016686 372 3
end 1323295016686 372 3
end 1323295016793 121 3
end 1323295017053 349 3
end 1323295017443 108 2
start 1323295017443 109 2
end 1323295017499 221 3
start 1323295017499 222 3
start 1323295017550 280 1
end 1323295017965 288 3
start 1323295017965 289 3
end 1323295018283 229 2
start 1323295018283 230 2
end 1323295018356 70 1
end 1323295018525 127 1
start 1323295018525 128 1
end 1323295018632 54 1
start 1323295018632 55 1
end 1323295018684 184 2
start 1323295018684 185 2
end 1323295018684 185 2
end 1323295018751 323 3
start 1323295018752 324 3
end 1323295019037 10 1
start 1323295019037 11 1
end 1323295019184 245 3
start 1323295019184 246 3
end 1323295019328 321 2
end 1323295019373 23 2
start 1323295019373 24 2
end 1323295019525 96 1
end 1323295019581 390 1
start 1323295019581 391 1
end 1323295019876 124 3
start 1323295019876 125 3
end 1323295019876 136 3
end 1323295020334 383 2
start 1323295020334 384 2
end 1323295020396 77 2
end 1323295020402 145 2
start 1323295020402 146 2
end 1323295020578 211 2
start 1323295020578 212 2
end 1323295021049 234 3
start 1323295021049 235 3
end 1323295021086 162 2
end 1323295021289 100 3
end 1323295021294 334 1
start 1323295021294 335 1
end 1323295021408 188 2
start 1323295021408 189 2
end 1323295021408 175 2
start 1323295021408 176 2
end 1323295021408 11 1
end 1323295021449 140 2
start 1323295021449 141 2
end 1323295021540 402 1
end 1323295021612 202 2
start 1323295021612 203 2
end 1323295021850 181 2
start 1323295021850 182 2
end 1323295022201 203 2
end 1323295022330 259 3
start 1323295022330 260 3
end 1323295022451 212 2
start 1323295022451 213 2
end 1323295022606 6 3
start 1323295022606 7 3
end 1323295022933 241 1
end 1323295023056 289 3
end 1323295023372 182 2
start 1323295023372 183 2
end 1323295023515 394 3
start 1323295023515 395 3
end 1323295023861 33 3
start 1323295023861 34 3
end 1323295024221 183 2
end 1323295024416 335 1
end 1323295024533 235 3
end 1323295024533 194 3
start 1323295024533 195 3
end 1323295024533 417 1
start 1323295024533 418 1
end 1323295024931 395 3
start 1323295024931 396 3
end 1323295025091 189 2
start 1323295025091 190 2
end 1323295025345 219 2
end 1323295025653 407 3
start 1323295025653 408 3
end 1323295025919 360 2
start 1323295025919 361 2
end 1323295025920 426 3
start 1323295025920 427 3
end 1323295026035 34 3
start 1323295026035 35 3
end 1323295026088 213 2
start 1323295026088 214 2
end 1323295026217 418 1
start 1323295026217 419 1
end 1323295026367 427 3
end 1323295026367 222 3
start 1323295026367 223 3
end 1323295026441 354 2
start 1323295026441 355 2
end 1323295026441 102 3
start 1323295026441 103 3
end 1323295026441 384 2
start 1323295026441 385 2
end 1323295026485 176 2
start 1323295026485 177 2
end 1323295026686 164 1
start 1323295026686 165 1
end 1323295026691 173 3
end 1323295026946 125 3
end 1323295027226 309 1
end 1323295027430 42 2
start 1323295027517 293 1
end 1323295027655 190 2
end 1323295027709 83 1
start 1323295027709 84 1
end 1323295027850 7 3
end 1323295027850 327 2
start 1323295027850 328 2
end 1323295027868 260 3
start 1323295027868 261 3
end 1323295028018 328 2
start 1323295028018 329 2
end 1323295028018 329 2
start 1323295028018 330 2
end 1323295028461 246 3
start 1323295028461 247 3
end 1323295028768 24 2
start 1323295028768 25 2
end 1323295028815 314 3
start 1323295028815 315 3
start 1323295028815 415 1
end 1323295028862 376 2
start 1323295028862 377 2
end 1323295028862 355 2
start 1323295028862 356 2
end 1323295028904 396 3
start 1323295028904 397 3
end 1323295028930 324 3
start 1323295028930 325 3
end 1323295030025 62 1
start 1323295030025 63 1
end 1323295030167 230 2
end 1323295030482 195 3
start 1323295030482 196 3
end 1323295030525 109 2
start 1323295030525 110 2
end 1323295030575 214 2
end 1323295030775 25 2
start 1323295030775 26 2
end 1323295030869 84 1
start 1323295030869 85 1
end 1323295031082 325 3
end 1323295031226 270 1
start 1323295031226 271 1
start 1323295031226 389 1
end 1323295031226 14 2
start 1323295031226 15 2
end 1323295031226 103 3
start 1323295031226 104 3
end 1323295031226 356 2
end 1323295031227 141 2
start 1323295031227 142 2
end 1323295031227 315 3
start 1323295031227 316 3
end 1323295031246 434 3
start 1323295031376 129 1
end 1323295031469 339 1
start 1323295031469 340 1
end 1323295031736 408 3
end 1323295032464 397 3
start 1323295032464 398 3
end 1323295032549 196 3
start 1323295032702 420 1
end 1323295032773 223 3
start 1323295032773 224 3
end 1323295032795 247 3
end 1323295032848 271 1
start 1323295032848 272 1
start 1323295032862 64 1
end 1323295032904 146 2
start 1323295032904 147 2
end 1323295032904 104 3
start 1323295032904 105 3
end 1323295033008 35 3
start 1323295033008 36 3
end 1323295033054 410 2
start 1323295033054 411 2
end 1323295033141 64 1
start 1323295033141 65 1
end 1323295033457 261 3
start 1323295033457 262 3
end 1323295033601 377 2
end 1323295033670 280 1
start 1323295033670 281 1
start 1323295034389 341 1
end 1323295034536 316 3
end 1323295034603 293 1
start 1323295034603 294 1
end 1323295034714 26 2
start 1323295034714 27 2
end 1323295034858 391 1
start 1323295034858 392 1
end 1323295034943 294 1
start 1323295034943 295 1
end 1323295035161 361 2
start 1323295035161 362 2
end 1323295035269 262 3
end 1323295035269 110 2
start 1323295035269 111 2
end 1323295035269 330 2
end 1323295035269 177 2
start 1323295035269 178 2
end 1323295035310 224 3
end 1323295035310 111 2
start 1323295035310 112 2
start 1323295035466 342 1
start 1323295035630 166 1
end 1323295035725 411 2
start 1323295035725 412 2
end 1323295036061 398 3
end 1323295036077 15 2
start 1323295036077 16 2
start 1323295036436 56 1
end 1323295037198 412 2
start 1323295037198 413 2
start 1323295037442 343 1
end 1323295037860 178 2
end 1323295037887 105 3
start 1323295037998 273 1
end 1323295038228 65 1
end 1323295038267 142 2
end 1323295038303 385 2
start 1323295038543 57 1
end 1323295038718 36 3
start 1323295038835 152 1
end 1323295038905 68 1
end 1323295039376 147 2
start 1323295039605 58 1
start 1323295039899 153 1
end 1323295039967 27 2
end 1323295041138 16 2
start 1323295041138 17 2
end 1323295041291 295 1
start 1323295041291 296 1
end 1323295041314 413 2
end 1323295041723 17 2
end 1323295041813 166 1
start 1323295041813 167 1
end 1323295042069 362 2
start 1323295042069 363 2
end 1323295042723 300 1
start 1323295042723 301 1
end 1323295042849 112 2
start 1323295042849 113 2
end 1323295043152 113 2
start 1323295043152 114 2
end 1323295044980 167 1
end 1323295045057 114 2
end 1323295045794 392 1
end 1323295045987 420 1
end 1323295046131 129 1
start 1323295046131 130 1
end 1323295046131 130 1
start 1323295046131 131 1
end 1323295046131 131 1
end 1323295047243 363 2
end 1323295048520 389 1
end 1323295048847 85 1
start 1323295049394 154 1
end 1323295050476 296 1
start 1323295051393 282 1
end 1323295052532 273 1
start 1323295052532 274 1
end 1323295054256 274 1
start 1323295054256 275 1
end 1323295055031 282 1
start 1323295055031 283 1
end 1323295057393 343 1
end 1323295058217 301 1
start 1323295058217 302 1
end 1323295063345 275 1
end 1323295064663 154 1
end 1323295065243 283 1
start 1323295065243 284 1
end 1323295065895 302 1
start 1323295065895 303 1
end 1323295078279 303 1
start 1323295078280 304 1
start 1323295081115 305 1
end 1323295094936 284 1
start 1323295094936 285 1
end 1323295095724 305 1
